host: mbp-de-alvaro-2.wireless-1x.unc.edu
Building DAG of jobs...
Using shell: /bin/bash
Provided cores: 8
Rules claiming more threads will be scaled down.
Job stats:
job                        count
-----------------------  -------
all                            1
derive_data                    1
prob_overweight_obesity        1
total                          3

Select jobs to execute...
Execute 1 jobs...

[Sat Jan 11 12:33:36 2025]
localrule derive_data:
    input: data/raw/wm.sav
    output: data/derived/LHS000501.Rdata
    log: logs/LHS000501.log
    jobid: 1
    reason: Missing output files: data/derived/LHS000501.Rdata
    resources: tmpdir=/var/folders/rh/73j4j75x38q4qn8k4y_2wgvh0000gn/T

[Sat Jan 11 12:33:40 2025]
Finished job 1.
1 of 3 steps (33%) done
Select jobs to execute...
Execute 1 jobs...

[Sat Jan 11 12:33:40 2025]
localrule prob_overweight_obesity:
    input: data/derived/LHS000501.Rdata
    output: data/derived/LHS00050201.csv, data/derived/LHS00050202.csv, data/derived/LHS00050203.csv
    log: logs/LHS000502.log
    jobid: 2
    reason: Missing output files: data/derived/LHS00050203.csv, data/derived/LHS00050202.csv, data/derived/LHS00050201.csv; Input files updated by another job: data/derived/LHS000501.Rdata
    resources: tmpdir=/var/folders/rh/73j4j75x38q4qn8k4y_2wgvh0000gn/T

[Sat Jan 11 12:33:41 2025]
Error in rule prob_overweight_obesity:
    jobid: 2
    input: data/derived/LHS000501.Rdata
    output: data/derived/LHS00050201.csv, data/derived/LHS00050202.csv, data/derived/LHS00050203.csv
    log: logs/LHS000502.log (check log file(s) for error details)
    shell:
        Rscript scripts/LHS000502.R data/derived/LHS000501.Rdata data/derived/LHS00050201.csv data/derived/LHS00050202.csv data/derived/LHS00050203.csv > logs/LHS000502.log 2>&1
        (one of the commands exited with non-zero exit code; note that snakemake uses bash strict mode!)

Shutting down, this might take some time.
Exiting because a job execution failed. Look above for error message
Complete log: .snakemake/log/2025-01-11T123336.682864.snakemake.log
WorkflowError:
At least one job did not complete successfully.
