host: MacBook-Pro-de-ALVARO-2.local
Building DAG of jobs...
Using shell: /bin/bash
Provided cores: 8
Rules claiming more threads will be scaled down.
Job stats:
job                   count
------------------  -------
transform_response        1
total                     1

Select jobs to execute...
Execute 1 jobs...

[Sat Jan 11 17:45:35 2025]
localrule transform_response:
    input: data/processed/LHS00050201.csv, data/processed/LHS00050202.csv, data/processed/LHS00050203.csv
    output: data/processed/LHS00050201_transformed.csv, data/processed/LHS00050202_transformed.csv, data/processed/LHS00050203_transformed.csv
    log: logs/LHS000507.log
    jobid: 0
    reason: Missing output files: data/processed/LHS00050201_transformed.csv, data/processed/LHS00050203_transformed.csv, data/processed/LHS00050202_transformed.csv
    resources: tmpdir=/var/folders/rh/73j4j75x38q4qn8k4y_2wgvh0000gn/T

[Sat Jan 11 17:45:40 2025]
Error in rule transform_response:
    jobid: 0
    input: data/processed/LHS00050201.csv, data/processed/LHS00050202.csv, data/processed/LHS00050203.csv
    output: data/processed/LHS00050201_transformed.csv, data/processed/LHS00050202_transformed.csv, data/processed/LHS00050203_transformed.csv
    log: logs/LHS000507.log (check log file(s) for error details)
    shell:
        Rscript scripts/LHS000507.R data/processed/LHS00050201.csv data/processed/LHS00050202.csv data/processed/LHS00050203.csv data/processed/LHS00050201_transformed.csv data/processed/LHS00050202_transformed.csv data/processed/LHS00050203_transformed.csv > logs/LHS000507.log 2>&1
        (one of the commands exited with non-zero exit code; note that snakemake uses bash strict mode!)

Removing output files of failed job transform_response since they might be corrupted:
data/processed/LHS00050201_transformed.csv
Shutting down, this might take some time.
Exiting because a job execution failed. Look above for error message
Complete log: .snakemake/log/2025-01-11T174535.113225.snakemake.log
WorkflowError:
At least one job did not complete successfully.
