host: mbp-de-alvaro-2.wireless-1x.unc.edu
Building DAG of jobs...
Using shell: /bin/bash
Provided cores: 8
Rules claiming more threads will be scaled down.
Job stats:
job                        count
-----------------------  -------
all                            1
prob_overweight_obesity        1
process_shapefile              1
total                          3

Select jobs to execute...
Execute 2 jobs...

[Sat Jan 11 13:24:02 2025]
localrule prob_overweight_obesity:
    input: data/derived/LHS000501.Rdata
    output: data/processed/LHS00050201.csv, data/processed/LHS00050202.csv, data/processed/LHS00050203.csv
    log: logs/LHS000502.log
    jobid: 2
    reason: Missing output files: data/processed/LHS00050201.csv, data/processed/LHS00050203.csv, data/processed/LHS00050202.csv
    resources: tmpdir=/var/folders/rh/73j4j75x38q4qn8k4y_2wgvh0000gn/T


[Sat Jan 11 13:24:02 2025]
localrule process_shapefile:
    input: data/raw/shps/Shp_mgd.shp
    output: data/processed/LHS000503.shp
    log: logs/LHS000503.log
    jobid: 3
    reason: Missing output files: data/processed/LHS000503.shp
    resources: tmpdir=/var/folders/rh/73j4j75x38q4qn8k4y_2wgvh0000gn/T

[Sat Jan 11 13:24:03 2025]
Finished job 3.
1 of 3 steps (33%) done
[Sat Jan 11 13:24:04 2025]
Finished job 2.
2 of 3 steps (67%) done
Select jobs to execute...
Execute 1 jobs...

[Sat Jan 11 13:24:04 2025]
localrule all:
    input: data/derived/LHS000501.Rdata, data/processed/LHS00050201.csv, data/processed/LHS00050202.csv, data/processed/LHS00050203.csv, data/processed/LHS000503.shp
    jobid: 0
    reason: Input files updated by another job: data/processed/LHS00050201.csv, data/processed/LHS000503.shp, data/processed/LHS00050203.csv, data/processed/LHS00050202.csv
    resources: tmpdir=/var/folders/rh/73j4j75x38q4qn8k4y_2wgvh0000gn/T

[Sat Jan 11 13:24:04 2025]
Finished job 0.
3 of 3 steps (100%) done
Complete log: .snakemake/log/2025-01-11T132402.934074.snakemake.log
