host: e90fbf60f94e
Building DAG of jobs...
Using shell: /usr/bin/bash
Provided cores: 8
Rules claiming more threads will be scaled down.
Job stats:
job            count
-----------  -------
derive_data        1
total              1

Select jobs to execute...
Execute 1 jobs...

[Sun Jan  5 04:58:51 2025]
localrule derive_data:
    input: data/raw/wm.sav
    output: data/derived/LHS000501.Rdata
    log: logs/LHS000501.log
    jobid: 0
    reason: Missing output files: data/derived/LHS000501.Rdata
    resources: tmpdir=/tmp

[Sun Jan  5 04:58:55 2025]
Finished job 0.
1 of 1 steps (100%) done
Complete log: .snakemake/log/2025-01-05T045851.523431.snakemake.log
