host: mbp-de-alvaro-2.wireless-1x.unc.edu
Building DAG of jobs...
Using shell: /bin/bash
Provided cores: 8
Rules claiming more threads will be scaled down.
Job stats:
job             count
------------  -------
build_docker        1
total               1

Select jobs to execute...
Execute 1 jobs...

[Sat Jan  4 14:20:16 2025]
localrule build_docker:
    log: logs/docker.log
    jobid: 0
    reason: Rules with neither input nor output files are always executed.
    resources: tmpdir=/var/folders/rh/73j4j75x38q4qn8k4y_2wgvh0000gn/T

[Sat Jan  4 14:20:16 2025]
Error in rule build_docker:
    jobid: 0
    log: logs/docker.log (check log file(s) for error details)
    shell:
        docker build --platform=linux/x86_64 -t LHS0005-project .
        (one of the commands exited with non-zero exit code; note that snakemake uses bash strict mode!)

Shutting down, this might take some time.
Exiting because a job execution failed. Look above for error message
Complete log: .snakemake/log/2025-01-04T142016.252574.snakemake.log
WorkflowError:
At least one job did not complete successfully.
