host: mbp-de-alvaro-2.wireless-1x.unc.edu
Building DAG of jobs...
Using shell: /bin/bash
Provided cores: 8
Rules claiming more threads will be scaled down.
Job stats:
job                   count
------------------  -------
plot_map_education        1
total                     1

Select jobs to execute...
Execute 1 jobs...

[Sat Jan 11 14:47:22 2025]
localrule plot_map_education:
    input: data/processed/LHS00050203.csv, data/processed/LHS000503.shp, data/raw/shps/World_Countries_Generalized.shp, data/raw/shps/borders_.shp
    output: results/figures/Plot_byEducation.pdf
    log: logs/LHS000506.log
    jobid: 0
    reason: Missing output files: results/figures/Plot_byEducation.pdf
    resources: tmpdir=/var/folders/rh/73j4j75x38q4qn8k4y_2wgvh0000gn/T

[Sat Jan 11 14:47:23 2025]
Finished job 0.
1 of 1 steps (100%) done
Complete log: .snakemake/log/2025-01-11T144722.707465.snakemake.log
