host: 77b5b7eed355
Building DAG of jobs...
Using shell: /usr/bin/bash
Provided cores: 8
Rules claiming more threads will be scaled down.
Job stats:
job            count
-----------  -------
derive_data        1
total              1

Select jobs to execute...
Execute 1 jobs...

[Sun Jan  5 04:54:09 2025]
localrule derive_data:
    input: data/raw/wm.sav
    output: data/derived/LHS000501.Rdata
    log: logs/LHS000501.log
    jobid: 0
    reason: Missing output files: data/derived/LHS000501.Rdata
    resources: tmpdir=/tmp

[Sun Jan  5 04:54:13 2025]
Error in rule derive_data:
    jobid: 0
    input: data/raw/wm.sav
    output: data/derived/LHS000501.Rdata
    log: logs/LHS000501.log (check log file(s) for error details)
    shell:
        Rscript scripts/LHS000501.R data/raw/wm.sav data/derived/LHS000501.Rdata > logs/LHS000501.log 2>&1
        (one of the commands exited with non-zero exit code; note that snakemake uses bash strict mode!)

Shutting down, this might take some time.
Exiting because a job execution failed. Look above for error message
Complete log: .snakemake/log/2025-01-05T045409.806404.snakemake.log
WorkflowError:
At least one job did not complete successfully.
