host: mbp-de-alvaro-2.wireless-1x.unc.edu
Building DAG of jobs...
Using shell: /bin/bash
Provided cores: 8
Rules claiming more threads will be scaled down.
Job stats:
job             count
------------  -------
all                 1
process_data        1
total               2

Select jobs to execute...
Execute 1 jobs...

[Sat Dec 28 15:08:53 2024]
localrule process_data:
    input: data/raw/COBR72SD/COBR72FL.SAS7BDAT
    output: data/processed/LHS000401.Rdata, results/reports/Labels.csv
    log: logs/process_data.log
    jobid: 1
    reason: Code has changed since last execution
    resources: tmpdir=/var/folders/rh/73j4j75x38q4qn8k4y_2wgvh0000gn/T

[Sat Dec 28 15:09:14 2024]
Finished job 1.
1 of 2 steps (50%) done
Select jobs to execute...
Execute 1 jobs...

[Sat Dec 28 15:09:14 2024]
localrule all:
    input: data/processed/LHS000401.Rdata, results/reports/Labels.csv
    jobid: 0
    reason: Input files updated by another job: data/processed/LHS000401.Rdata, results/reports/Labels.csv
    resources: tmpdir=/var/folders/rh/73j4j75x38q4qn8k4y_2wgvh0000gn/T

[Sat Dec 28 15:09:14 2024]
Finished job 0.
2 of 2 steps (100%) done
Complete log: .snakemake/log/2024-12-28T150853.450515.snakemake.log
